INFO: [VRFC 10-2263] Analyzing Verilog file "F:/aes_password/aes_password.srcs/sources_1/new/AES_TOP.v" into library xil_defaultlib
INFO: [VRFC 10-311] analyzing module AES_TOP
INFO: [VRFC 10-2263] Analyzing Verilog file "F:/aes_password/aes_password.srcs/sources_1/new/aescipher.v" into library xil_defaultlib
INFO: [VRFC 10-311] analyzing module aescipher
INFO: [VRFC 10-2263] Analyzing Verilog file "F:/aes_password/aes_password.srcs/sources_1/new/keygeneration.v" into library xil_defaultlib
INFO: [VRFC 10-311] analyzing module keygeneration
INFO: [VRFC 10-2263] Analyzing Verilog file "F:/aes_password/aes_password.srcs/sources_1/new/mixcolumn.v" into library xil_defaultlib
INFO: [VRFC 10-311] analyzing module mixcolumn
INFO: [VRFC 10-2263] Analyzing Verilog file "F:/aes_password/aes_password.srcs/sources_1/new/roundlast.v" into library xil_defaultlib
INFO: [VRFC 10-311] analyzing module roundlast
INFO: [VRFC 10-2263] Analyzing Verilog file "F:/aes_password/aes_password.srcs/sources_1/new/rounds.v" into library xil_defaultlib
INFO: [VRFC 10-311] analyzing module rounds
INFO: [VRFC 10-2263] Analyzing Verilog file "F:/aes_password/aes_password.srcs/sources_1/new/sbox.v" into library xil_defaultlib
INFO: [VRFC 10-311] analyzing module sbox
INFO: [VRFC 10-2263] Analyzing Verilog file "F:/aes_password/aes_password.srcs/sources_1/new/shiftrow.v" into library xil_defaultlib
INFO: [VRFC 10-311] analyzing module shiftrow
INFO: [VRFC 10-2263] Analyzing Verilog file "F:/aes_password/aes_password.srcs/sources_1/new/subbytes.v" into library xil_defaultlib
INFO: [VRFC 10-311] analyzing module subbytes
INFO: [VRFC 10-2263] Analyzing Verilog file "F:/aes_password/aes_password.srcs/sim_1/new/ASD_TB.v" into library xil_defaultlib
INFO: [VRFC 10-311] analyzing module AES_TB
INFO: [VRFC 10-2263] Analyzing Verilog file "F:/aes_password/aes_password.sim/sim_1/behav/xsim/glbl.v" into library xil_defaultlib
INFO: [VRFC 10-311] analyzing module glbl
